Arguments: 
  C:\Users\Dhairya\Desktop\node.exe C:\Users\Dhairya\AppData\Roaming\npm\node_modules\yarn\bin\yarn.js add react-native

PATH: 
  C:\ProgramData\Oracle\Java\javapath;C:\WINDOWS\system32;C:\WINDOWS;C:\WINDOWS\System32\Wbem;C:\WINDOWS\System32\WindowsPowerShell\v1.0\;C:\WINDOWS\System32\OpenSSH\;C:\Program Files\Git\cmd;C:\Users\Dhairya\Desktop\;C:\WINDOWS\system32;C:\WINDOWS;C:\WINDOWS\System32\Wbem;C:\WINDOWS\System32\WindowsPowerShell\v1.0\;C:\WINDOWS\System32\OpenSSH\;C:\Program Files\Git\cmd;C:\Users\Dhairya\AppData\Local\Microsoft\WindowsApps;C:\Users\Dhairya\Desktop\Microsoft VS Code\bin;C:\Users\Dhairya\Desktop\mingw32\bin;C:\Users\Dhairya\AppData\Local\GitHubDesktop\bin;C:\Users\Dhairya\AppData\Local\Programs\Microsoft VS Code\bin;C:\Program Files\nodejs;C:\Users\Dhairya\Desktop\python\Scripts;C:\Users\Dhairya\Desktop\python;;C:\Users\Dhairya\AppData\Local\Microsoft\WindowsApps;C:\Users\Dhairya\AppData\Roaming\npm

Yarn version: 
  1.22.19

Node version: 
  20.2.0

Platform: 
  win32 x64

Trace: 
  Error [ERR_SOCKET_CONNECTION_TIMEOUT]: Socket connection timeout
      at new NodeError (node:internal/errors:399:5)
      at internalConnectMultiple (node:net:1099:20)
      at Timeout.internalConnectMultipleTimeout (node:net:1638:3)
      at listOnTimeout (node:internal/timers:575:11)
      at process.processTimers (node:internal/timers:514:7)

npm manifest: 
  {
    "name": "streamlit_component_template",
    "version": "0.1.0",
    "private": true,
    "dependencies": {
      "react": "^16.14.0",
      "react-card-slider": "^0.1.1",
      "react-card-slider-component": "^1.0.9",
      "react-dom": "^16.13.1",
      "react-elastic-carousel": "^0.11.5",
      "react-responsive-carousel": "^3.2.23",
      "react-router-dom": "^6.11.2",
      "react-slick": "^0.29.0",
      "streamlit-component-lib": "^1.3.0"
    },
    "scripts": {
      "start": "react-scripts --openssl-legacy-provider start",
      "build": "react-scripts build",
      "test": "react-scripts test",
      "eject": "react-scripts eject"
    },
    "eslintConfig": {
      "extends": "react-app"
    },
    "browserslist": {
      "production": [
        ">0.2%",
        "not dead",
        "not op_mini all"
      ],
      "development": [
        "last 1 chrome version",
        "last 1 firefox version",
        "last 1 safari version"
      ]
    },
    "homepage": ".",
    "devDependencies": {
      "@types/node": "^12.0.0",
      "@types/react": "^16.14.42",
      "@types/react-dom": "^16.9.0",
      "@types/styled-components": "^5.1.26",
      "react-scripts": "4.0.3",
      "typescript": "^4.2.0"
    }
  }

yarn manifest: 
  No manifest

Lockfile: 
  No lockfile
